<?xml version="1.0" encoding="UTF-8" ?>
<testsuite tests="20" failures="0" name="org.zero.utils.HttpUtilsTest" time="3.448" errors="0" skipped="0">
  <properties>
    <property name="idea.version" value="2018.1"/>
    <property name="java.runtime.name" value="Java(TM) SE Runtime Environment"/>
    <property name="sun.boot.library.path" value="D:\Program Files\Java\jdk1.8.0_131\jre\bin"/>
    <property name="java.vm.version" value="25.131-b11"/>
    <property name="java.vm.vendor" value="Oracle Corporation"/>
    <property name="maven.multiModuleProjectDirectory" value="E:\Idea\workspaces\java12\file_client"/>
    <property name="java.vendor.url" value="http://java.oracle.com/"/>
    <property name="path.separator" value=";"/>
    <property name="guice.disable.misplaced.annotation.check" value="true"/>
    <property name="java.vm.name" value="Java HotSpot(TM) 64-Bit Server VM"/>
    <property name="file.encoding.pkg" value="sun.io"/>
    <property name="user.script" value=""/>
    <property name="user.country" value="CN"/>
    <property name="sun.java.launcher" value="SUN_STANDARD"/>
    <property name="sun.os.patch.level" value="Service Pack 1"/>
    <property name="java.vm.specification.name" value="Java Virtual Machine Specification"/>
    <property name="user.dir" value="E:\Idea\workspaces\java12\file_client"/>
    <property name="java.runtime.version" value="1.8.0_131-b11"/>
    <property name="java.awt.graphicsenv" value="sun.awt.Win32GraphicsEnvironment"/>
    <property name="java.endorsed.dirs" value="D:\Program Files\Java\jdk1.8.0_131\jre\lib\endorsed"/>
    <property name="os.arch" value="amd64"/>
    <property name="java.io.tmpdir" value="C:\Users\user\AppData\Local\Temp\"/>
    <property name="line.separator" value="
"/>
    <property name="java.vm.specification.vendor" value="Oracle Corporation"/>
    <property name="user.variant" value=""/>
    <property name="os.name" value="Windows 7"/>
    <property name="classworlds.conf" value="E:\Idea\JetBrains\IntelliJ IDEA 2018.1\plugins\maven\lib\maven3\bin\m2.conf"/>
    <property name="sun.jnu.encoding" value="GBK"/>
    <property name="java.library.path" value="D:\Program Files\Java\jdk1.8.0_131\bin;C:\windows\Sun\Java\bin;C:\windows\system32;C:\windows;C:\ProgramData\Oracle\Java\javapath;C:\Program Files (x86)\Common Files\Oracle\Java\javapath;E:\Tools\mysql-5.7.27-winx64\bin;D:\Program Files\Java\jdk1.8.0_131\bin;F:\Program Files\Git\cmd;C:\Program Files\TortoiseGit\bin;C:\windows\system32;C:\windows;C:\windows\system32\wbem;C:\Program Files (x86)\Google\Chrome\Application\;E:\Tools\GoLanguage\bin;E:\Program Files (x86)\HP\LoadRunner\strawberry-perl\perl\bin;C:\Program Files\dotnet\;E:\Program Files (x86)\vscode\mingw64\bin;E:\Program Files (x86)\vscode\cmake-3.17.0-rc3-win64-x64\bin;E:\Program Files (x86)\NetSarang\Xshell 7\;E:\Python\Python38\;C:\Users\user\AppData\Local\Programs\Fiddler;C:\Program Files (x86)\Google\Chrome\Application\;E:\Tools\phantomjs-2.1.1-windows\bin;E:\Python\Python38\Scripts;E:\Tools\GoLanguage\bin;E:\Tools\Fiddler;E:\Program Files (x86)\vscode\Microsoft VS Code\bin;."/>
    <property name="java.specification.name" value="Java Platform API Specification"/>
    <property name="java.class.version" value="52.0"/>
    <property name="sun.management.compiler" value="HotSpot 64-Bit Tiered Compilers"/>
    <property name="os.version" value="6.1"/>
    <property name="user.home" value="C:\Users\user"/>
    <property name="user.timezone" value="Asia/Shanghai"/>
    <property name="java.awt.printerjob" value="sun.awt.windows.WPrinterJob"/>
    <property name="java.specification.version" value="1.8"/>
    <property name="file.encoding" value="UTF-8"/>
    <property name="user.name" value="user"/>
    <property name="java.class.path" value="E:\Idea\JetBrains\IntelliJ IDEA 2018.1\plugins\maven\lib\maven3\boot\plexus-classworlds-2.5.2.jar;E:\Idea\JetBrains\IntelliJ IDEA 2018.1\lib\idea_rt.jar"/>
    <property name="java.vm.specification.version" value="1.8"/>
    <property name="sun.arch.data.model" value="64"/>
    <property name="java.home" value="D:\Program Files\Java\jdk1.8.0_131\jre"/>
    <property name="sun.java.command" value="org.codehaus.classworlds.Launcher -Didea.version=2018.1 -s D:\Tools\apache-maven-3.6.1\conf\settings.xml package -f pom.xml"/>
    <property name="java.specification.vendor" value="Oracle Corporation"/>
    <property name="user.language" value="zh"/>
    <property name="awt.toolkit" value="sun.awt.windows.WToolkit"/>
    <property name="java.vm.info" value="mixed mode"/>
    <property name="java.version" value="1.8.0_131"/>
    <property name="java.ext.dirs" value="D:\Program Files\Java\jdk1.8.0_131\jre\lib\ext;C:\windows\Sun\Java\lib\ext"/>
    <property name="sun.boot.class.path" value="D:\Program Files\Java\jdk1.8.0_131\jre\lib\resources.jar;D:\Program Files\Java\jdk1.8.0_131\jre\lib\rt.jar;D:\Program Files\Java\jdk1.8.0_131\jre\lib\sunrsasign.jar;D:\Program Files\Java\jdk1.8.0_131\jre\lib\jsse.jar;D:\Program Files\Java\jdk1.8.0_131\jre\lib\jce.jar;D:\Program Files\Java\jdk1.8.0_131\jre\lib\charsets.jar;D:\Program Files\Java\jdk1.8.0_131\jre\lib\jfr.jar;D:\Program Files\Java\jdk1.8.0_131\jre\classes"/>
    <property name="java.vendor" value="Oracle Corporation"/>
    <property name="maven.home" value="E:\Idea\JetBrains\IntelliJ IDEA 2018.1\plugins\maven\lib\maven3"/>
    <property name="file.separator" value="\"/>
    <property name="java.vendor.url.bug" value="http://bugreport.sun.com/bugreport/"/>
    <property name="sun.cpu.endian" value="little"/>
    <property name="sun.io.unicode.encoding" value="UnicodeLittle"/>
    <property name="sun.desktop" value="windows"/>
    <property name="sun.cpu.isalist" value="amd64"/>
  </properties>
  <testcase classname="org.zero.utils.HttpUtilsTest" name="selectMetaInfoNotExists" time="0.252"/>
  <testcase classname="org.zero.utils.HttpUtilsTest" name="formUploadHtml" time="0.189"/>
  <testcase classname="org.zero.utils.HttpUtilsTest" name="getConnectionFileServer" time="0.007"/>
  <testcase classname="org.zero.utils.HttpUtilsTest" name="downloadDoc" time="0.239"/>
  <testcase classname="org.zero.utils.HttpUtilsTest" name="downloadPDF" time="0.097"/>
  <testcase classname="org.zero.utils.HttpUtilsTest" name="downloadRAR" time="0.171"/>
  <testcase classname="org.zero.utils.HttpUtilsTest" name="downloadXML" time="0.076"/>
  <testcase classname="org.zero.utils.HttpUtilsTest" name="downloadWps" time="0.19"/>
  <testcase classname="org.zero.utils.HttpUtilsTest" name="multiTypeFormUpload" time="0.082"/>
  <testcase classname="org.zero.utils.HttpUtilsTest" name="formUpload" time="0.06"/>
  <testcase classname="org.zero.utils.HttpUtilsTest" name="selectMetaInfoExists" time="0.175"/>
  <testcase classname="org.zero.utils.HttpUtilsTest" name="getConnectionBaiDu" time="0.861"/>
  <testcase classname="org.zero.utils.HttpUtilsTest" name="downloadExists" time="0.152"/>
  <testcase classname="org.zero.utils.HttpUtilsTest" name="multiFormUpload" time="0.168"/>
  <testcase classname="org.zero.utils.HttpUtilsTest" name="downloadHtml" time="0.064"/>
  <testcase classname="org.zero.utils.HttpUtilsTest" name="formUploadDoc" time="0.177"/>
  <testcase classname="org.zero.utils.HttpUtilsTest" name="formUploadPDF" time="0.089"/>
  <testcase classname="org.zero.utils.HttpUtilsTest" name="formUploadRAR" time="0.14"/>
  <testcase classname="org.zero.utils.HttpUtilsTest" name="formUploadXML" time="0.081"/>
  <testcase classname="org.zero.utils.HttpUtilsTest" name="formUploadWps" time="0.178"/>
</testsuite>